C:\Users\Admin\source\repos\skinetUdemy\skinet\client\dist\out-tsc\e2e\src\app.po.js
C:\Users\Admin\source\repos\skinetUdemy\skinet\client\dist\out-tsc\e2e\src\app.po.js.map
C:\Users\Admin\source\repos\skinetUdemy\skinet\client\dist\out-tsc\e2e\src\app.e2e-spec.js
C:\Users\Admin\source\repos\skinetUdemy\skinet\client\dist\out-tsc\e2e\src\app.e2e-spec.js.map
C:\Users\Admin\source\repos\skinetUdemy\skinet\client\dist\out-tsc\src\app\core\not-found\not-found.component.js
C:\Users\Admin\source\repos\skinetUdemy\skinet\client\dist\out-tsc\src\app\core\not-found\not-found.component.js.map
C:\Users\Admin\source\repos\skinetUdemy\skinet\client\dist\out-tsc\src\app\core\server-error\server-error.component.js
C:\Users\Admin\source\repos\skinetUdemy\skinet\client\dist\out-tsc\src\app\core\server-error\server-error.component.js.map
C:\Users\Admin\source\repos\skinetUdemy\skinet\client\dist\out-tsc\src\environments\environment.js
C:\Users\Admin\source\repos\skinetUdemy\skinet\client\dist\out-tsc\src\environments\environment.js.map
C:\Users\Admin\source\repos\skinetUdemy\skinet\client\dist\out-tsc\src\app\core\test-error\test-error.component.js
C:\Users\Admin\source\repos\skinetUdemy\skinet\client\dist\out-tsc\src\app\core\test-error\test-error.component.js.map
C:\Users\Admin\source\repos\skinetUdemy\skinet\client\dist\out-tsc\src\app\home\home.component.js
C:\Users\Admin\source\repos\skinetUdemy\skinet\client\dist\out-tsc\src\app\home\home.component.js.map
C:\Users\Admin\source\repos\skinetUdemy\skinet\client\dist\out-tsc\src\app\shared\models\brands.js
C:\Users\Admin\source\repos\skinetUdemy\skinet\client\dist\out-tsc\src\app\shared\models\brands.js.map
C:\Users\Admin\source\repos\skinetUdemy\skinet\client\dist\out-tsc\src\app\shared\models\product.js
C:\Users\Admin\source\repos\skinetUdemy\skinet\client\dist\out-tsc\src\app\shared\models\product.js.map
C:\Users\Admin\source\repos\skinetUdemy\skinet\client\dist\out-tsc\src\app\shared\models\productTypes.js
C:\Users\Admin\source\repos\skinetUdemy\skinet\client\dist\out-tsc\src\app\shared\models\productTypes.js.map
C:\Users\Admin\source\repos\skinetUdemy\skinet\client\dist\out-tsc\src\app\shared\models\shopParams.js
C:\Users\Admin\source\repos\skinetUdemy\skinet\client\dist\out-tsc\src\app\shared\models\shopParams.js.map
C:\Users\Admin\source\repos\skinetUdemy\skinet\client\dist\out-tsc\src\app\shared\models\pagination.js
C:\Users\Admin\source\repos\skinetUdemy\skinet\client\dist\out-tsc\src\app\shared\models\pagination.js.map
C:\Users\Admin\source\repos\skinetUdemy\skinet\client\dist\out-tsc\src\app\shop\shop.service.js
C:\Users\Admin\source\repos\skinetUdemy\skinet\client\dist\out-tsc\src\app\shop\shop.service.js.map
C:\Users\Admin\source\repos\skinetUdemy\skinet\client\dist\out-tsc\src\app\shop\shop.component.js
C:\Users\Admin\source\repos\skinetUdemy\skinet\client\dist\out-tsc\src\app\shop\shop.component.js.map
C:\Users\Admin\source\repos\skinetUdemy\skinet\client\dist\out-tsc\src\app\shared\models\basket.js
C:\Users\Admin\source\repos\skinetUdemy\skinet\client\dist\out-tsc\src\app\shared\models\basket.js.map
C:\Users\Admin\source\repos\skinetUdemy\skinet\client\dist\out-tsc\src\app\basket\basket.service.js
C:\Users\Admin\source\repos\skinetUdemy\skinet\client\dist\out-tsc\src\app\basket\basket.service.js.map
C:\Users\Admin\source\repos\skinetUdemy\skinet\client\dist\out-tsc\src\app\shop\product-item\product-item.component.js
C:\Users\Admin\source\repos\skinetUdemy\skinet\client\dist\out-tsc\src\app\shop\product-item\product-item.component.js.map
C:\Users\Admin\source\repos\skinetUdemy\skinet\client\dist\out-tsc\src\app\shared\components\paging-header\paging-header.component.js
C:\Users\Admin\source\repos\skinetUdemy\skinet\client\dist\out-tsc\src\app\shared\components\paging-header\paging-header.component.js.map
C:\Users\Admin\source\repos\skinetUdemy\skinet\client\dist\out-tsc\src\app\shared\components\pager\pager.component.js
C:\Users\Admin\source\repos\skinetUdemy\skinet\client\dist\out-tsc\src\app\shared\components\pager\pager.component.js.map
C:\Users\Admin\source\repos\skinetUdemy\skinet\client\dist\out-tsc\src\app\shared\components\order-totals\order-totals.component.js
C:\Users\Admin\source\repos\skinetUdemy\skinet\client\dist\out-tsc\src\app\shared\components\order-totals\order-totals.component.js.map
C:\Users\Admin\source\repos\skinetUdemy\skinet\client\dist\out-tsc\src\app\shared\shared.module.js
C:\Users\Admin\source\repos\skinetUdemy\skinet\client\dist\out-tsc\src\app\shared\shared.module.js.map
C:\Users\Admin\source\repos\skinetUdemy\skinet\client\dist\out-tsc\src\app\shop\product-details\product-details.component.js
C:\Users\Admin\source\repos\skinetUdemy\skinet\client\dist\out-tsc\src\app\shop\product-details\product-details.component.js.map
C:\Users\Admin\source\repos\skinetUdemy\skinet\client\dist\out-tsc\src\app\shop\shop-routing.module.js
C:\Users\Admin\source\repos\skinetUdemy\skinet\client\dist\out-tsc\src\app\shop\shop-routing.module.js.map
C:\Users\Admin\source\repos\skinetUdemy\skinet\client\dist\out-tsc\src\app\shop\shop.module.js
C:\Users\Admin\source\repos\skinetUdemy\skinet\client\dist\out-tsc\src\app\shop\shop.module.js.map
C:\Users\Admin\source\repos\skinetUdemy\skinet\client\dist\out-tsc\src\app\basket\basket.component.js
C:\Users\Admin\source\repos\skinetUdemy\skinet\client\dist\out-tsc\src\app\basket\basket.component.js.map
C:\Users\Admin\source\repos\skinetUdemy\skinet\client\dist\out-tsc\src\app\basket\basket-routing.module.js
C:\Users\Admin\source\repos\skinetUdemy\skinet\client\dist\out-tsc\src\app\basket\basket-routing.module.js.map
C:\Users\Admin\source\repos\skinetUdemy\skinet\client\dist\out-tsc\src\app\basket\basket.module.js
C:\Users\Admin\source\repos\skinetUdemy\skinet\client\dist\out-tsc\src\app\basket\basket.module.js.map
C:\Users\Admin\source\repos\skinetUdemy\skinet\client\dist\out-tsc\src\app\checkout\checkout.component.js
C:\Users\Admin\source\repos\skinetUdemy\skinet\client\dist\out-tsc\src\app\checkout\checkout.component.js.map
C:\Users\Admin\source\repos\skinetUdemy\skinet\client\dist\out-tsc\src\app\checkout\checkout-routing.module.js
C:\Users\Admin\source\repos\skinetUdemy\skinet\client\dist\out-tsc\src\app\checkout\checkout-routing.module.js.map
C:\Users\Admin\source\repos\skinetUdemy\skinet\client\dist\out-tsc\src\app\checkout\checkout.module.js
C:\Users\Admin\source\repos\skinetUdemy\skinet\client\dist\out-tsc\src\app\checkout\checkout.module.js.map
C:\Users\Admin\source\repos\skinetUdemy\skinet\client\dist\out-tsc\src\app\shared\models\user.js
C:\Users\Admin\source\repos\skinetUdemy\skinet\client\dist\out-tsc\src\app\shared\models\user.js.map
C:\Users\Admin\source\repos\skinetUdemy\skinet\client\dist\out-tsc\src\app\account\account.service.js
C:\Users\Admin\source\repos\skinetUdemy\skinet\client\dist\out-tsc\src\app\account\account.service.js.map
C:\Users\Admin\source\repos\skinetUdemy\skinet\client\dist\out-tsc\src\app\account\login\login.component.js
C:\Users\Admin\source\repos\skinetUdemy\skinet\client\dist\out-tsc\src\app\account\login\login.component.js.map
C:\Users\Admin\source\repos\skinetUdemy\skinet\client\dist\out-tsc\src\app\account\register\register.component.js
C:\Users\Admin\source\repos\skinetUdemy\skinet\client\dist\out-tsc\src\app\account\register\register.component.js.map
C:\Users\Admin\source\repos\skinetUdemy\skinet\client\dist\out-tsc\src\app\account\account-routing.module.js
C:\Users\Admin\source\repos\skinetUdemy\skinet\client\dist\out-tsc\src\app\account\account-routing.module.js.map
C:\Users\Admin\source\repos\skinetUdemy\skinet\client\dist\out-tsc\src\app\account\account.module.js
C:\Users\Admin\source\repos\skinetUdemy\skinet\client\dist\out-tsc\src\app\account\account.module.js.map
C:\Users\Admin\source\repos\skinetUdemy\skinet\client\dist\out-tsc\src\app\app-routing.module.js
C:\Users\Admin\source\repos\skinetUdemy\skinet\client\dist\out-tsc\src\app\app-routing.module.js.map
C:\Users\Admin\source\repos\skinetUdemy\skinet\client\dist\out-tsc\src\app\app.component.js
C:\Users\Admin\source\repos\skinetUdemy\skinet\client\dist\out-tsc\src\app\app.component.js.map
C:\Users\Admin\source\repos\skinetUdemy\skinet\client\dist\out-tsc\src\app\core\nav-bar\nav-bar.component.js
C:\Users\Admin\source\repos\skinetUdemy\skinet\client\dist\out-tsc\src\app\core\nav-bar\nav-bar.component.js.map
C:\Users\Admin\source\repos\skinetUdemy\skinet\client\dist\out-tsc\src\app\core\section-header\section-header.component.js
C:\Users\Admin\source\repos\skinetUdemy\skinet\client\dist\out-tsc\src\app\core\section-header\section-header.component.js.map
C:\Users\Admin\source\repos\skinetUdemy\skinet\client\dist\out-tsc\src\app\core\core.module.js
C:\Users\Admin\source\repos\skinetUdemy\skinet\client\dist\out-tsc\src\app\core\core.module.js.map
C:\Users\Admin\source\repos\skinetUdemy\skinet\client\dist\out-tsc\src\app\home\home.module.js
C:\Users\Admin\source\repos\skinetUdemy\skinet\client\dist\out-tsc\src\app\home\home.module.js.map
C:\Users\Admin\source\repos\skinetUdemy\skinet\client\dist\out-tsc\src\app\core\interceptors\error.interceptor.js
C:\Users\Admin\source\repos\skinetUdemy\skinet\client\dist\out-tsc\src\app\core\interceptors\error.interceptor.js.map
C:\Users\Admin\source\repos\skinetUdemy\skinet\client\dist\out-tsc\src\app\core\services\busy.service.js
C:\Users\Admin\source\repos\skinetUdemy\skinet\client\dist\out-tsc\src\app\core\services\busy.service.js.map
C:\Users\Admin\source\repos\skinetUdemy\skinet\client\dist\out-tsc\src\app\core\interceptors\loading.interceptors.js
C:\Users\Admin\source\repos\skinetUdemy\skinet\client\dist\out-tsc\src\app\core\interceptors\loading.interceptors.js.map
C:\Users\Admin\source\repos\skinetUdemy\skinet\client\dist\out-tsc\src\app\app.module.js
C:\Users\Admin\source\repos\skinetUdemy\skinet\client\dist\out-tsc\src\app\app.module.js.map
C:\Users\Admin\source\repos\skinetUdemy\skinet\client\dist\out-tsc\src\main.js
C:\Users\Admin\source\repos\skinetUdemy\skinet\client\dist\out-tsc\src\main.js.map
C:\Users\Admin\source\repos\skinetUdemy\skinet\client\dist\out-tsc\src\polyfills.js
C:\Users\Admin\source\repos\skinetUdemy\skinet\client\dist\out-tsc\src\polyfills.js.map
C:\Users\Admin\source\repos\skinetUdemy\skinet\client\dist\out-tsc\src\test.js
C:\Users\Admin\source\repos\skinetUdemy\skinet\client\dist\out-tsc\src\test.js.map
C:\Users\Admin\source\repos\skinetUdemy\skinet\client\dist\out-tsc\src\app\app.component.spec.js
C:\Users\Admin\source\repos\skinetUdemy\skinet\client\dist\out-tsc\src\app\app.component.spec.js.map
C:\Users\Admin\source\repos\skinetUdemy\skinet\client\dist\out-tsc\src\app\checkout\checkout.service.js
C:\Users\Admin\source\repos\skinetUdemy\skinet\client\dist\out-tsc\src\app\checkout\checkout.service.js.map
C:\Users\Admin\source\repos\skinetUdemy\skinet\client\dist\out-tsc\src\app\core\server-error\server-error.component.spec.js
C:\Users\Admin\source\repos\skinetUdemy\skinet\client\dist\out-tsc\src\app\core\server-error\server-error.component.spec.js.map
C:\Users\Admin\source\repos\skinetUdemy\skinet\client\dist\out-tsc\src\app\shared\models\address.js
C:\Users\Admin\source\repos\skinetUdemy\skinet\client\dist\out-tsc\src\app\shared\models\address.js.map
C:\Users\Admin\source\repos\skinetUdemy\skinet\client\dist\out-tsc\src\environments\environment.prod.js
C:\Users\Admin\source\repos\skinetUdemy\skinet\client\dist\out-tsc\src\environments\environment.prod.js.map
